<?xml version="1.0" encoding="UTF-8"?>
<testng-results ignored="0" total="2" passed="2" failed="0" skipped="0">
  <reporter-output>
  </reporter-output>
  <suite started-at="2024-10-03T11:21:54 IST" name="EbankingApp" finished-at="2024-10-03T11:22:11 IST" duration-ms="17050">
    <groups>
    </groups>
    <test started-at="2024-10-03T11:21:54 IST" name="BankingApp Test" finished-at="2024-10-03T11:22:11 IST" duration-ms="17050">
      <class name="com.bank.tests.LoginTest">
        <test-method is-config="true" signature="setUp(java.lang.String)[pri:0, instance:com.bank.tests.LoginTest@294425a7]" started-at="2024-10-03T11:21:54 IST" name="setUp" finished-at="2024-10-03T11:22:05 IST" duration-ms="11088" status="PASS">
          <params>
            <param index="0">
              <value>
                <![CDATA[edge]]>
              </value>
            </param>
          </params>
          <reporter-output>
          </reporter-output>
        </test-method> <!-- setUp -->
        <test-method signature="loginWithValidCredentials()[pri:1, instance:com.bank.tests.LoginTest@294425a7]" started-at="2024-10-03T11:22:05 IST" name="loginWithValidCredentials" finished-at="2024-10-03T11:22:08 IST" duration-ms="2825" status="PASS">
          <reporter-output>
          </reporter-output>
        </test-method> <!-- loginWithValidCredentials -->
        <test-method signature="loginWithInvalidCredentials()[pri:2, instance:com.bank.tests.LoginTest@294425a7]" started-at="2024-10-03T11:22:08 IST" name="loginWithInvalidCredentials" finished-at="2024-10-03T11:22:10 IST" duration-ms="1819" status="PASS">
          <reporter-output>
          </reporter-output>
        </test-method> <!-- loginWithInvalidCredentials -->
        <test-method is-config="true" signature="tearDown()[pri:0, instance:com.bank.tests.LoginTest@294425a7]" started-at="2024-10-03T11:22:10 IST" name="tearDown" finished-at="2024-10-03T11:22:11 IST" duration-ms="1284" status="PASS">
          <reporter-output>
          </reporter-output>
        </test-method> <!-- tearDown -->
      </class> <!-- com.bank.tests.LoginTest -->
    </test> <!-- BankingApp Test -->
  </suite> <!-- EbankingApp -->
</testng-results>
