<?xml version="1.0" encoding="UTF-8"?>
<!-- Generated by org.testng.reporters.JUnitXMLReporter -->
<testsuite ignored="0" hostname="LAPTOP-8UKHKL7O" failures="0" tests="1" name="HomePageTests" time="0.01" errors="0" timestamp="2024-10-01T18:58:54 IST">
  <testcase classname="com.bank.base.BaseClass" name="@BeforeMethod setUp" time="0.0">
    <failure type="java.io.FileNotFoundException" message="src\main\resources\config.properties (The system cannot find the file specified)">
      <![CDATA[java.io.FileNotFoundException: src\main\resources\config.properties (The system cannot find the file specified)
at java.base/java.io.FileInputStream.open0(Native Method)
at java.base/java.io.FileInputStream.open(FileInputStream.java:213)
at java.base/java.io.FileInputStream.<init>(FileInputStream.java:152)
at java.base/java.io.FileInputStream.<init>(FileInputStream.java:106)
at com.bank.utilities.DriverManager.initDriver(DriverManager.java:17)
at com.bank.base.BaseClass.setUp(BaseClass.java:15)
at java.base/java.util.ArrayList.forEach(ArrayList.java:1596)
... Removed 29 stack frames]]>
    </failure>
  </testcase> <!-- @BeforeMethod setUp -->
  <testcase classname="com.bank.base.BaseClass" name="@AfterMethod tearDown" time="0.0">
    <skipped/>
  </testcase> <!-- @AfterMethod tearDown -->
  <testcase classname="com.bank.tests.HomePageTest" name="testLogout" time="0.0">
    <skipped/>
  </testcase> <!-- testLogout -->
</testsuite> <!-- HomePageTests -->
